<?xml version="1.0" encoding="UTF-8"?>
<!-- Generated by org.testng.reporters.JUnitReportReporter -->
<testsuite skipped="0" hostname="ajitbiswas-laptop" name="scripts.TestValidLogin" tests="1" failures="0" timestamp="04 Feb 2018 07:04:06 GMT" time="27.135" errors="0">
  <testcase name="testValidLogin" time="27.135" classname="scripts.TestValidLogin"/>
</testsuite> <!-- scripts.TestValidLogin -->
